Line 29: Class TabDlg.SSTab of control SSTab1 was not a loaded control class.
Line 852: Class Serveur.ctlSysTrayBalloon of control ctlSysTrayBalloon was not a loaded control class.
Line 944: Class MSWinsockLib.Winsock of control Socket was not a loaded control class.
Line 1396: Class TabDlg.SSTab of control SSTab2 was not a loaded control class.
Line 2107: Class MSComctlLib.ListView of control lvUsers was not a loaded control class.
Line 2167: Class MSWinsockLib.Winsock of control WinEdit was not a loaded control class.
Line 2176: Class MSScriptControlCtl.ScriptControl of control NPCScript was not a loaded control class.
Line 35: The property name _ExtentX in SSTab1 is invalid.
Line 36: The property name _ExtentY in SSTab1 is invalid.
Line 37: The property name _Version in SSTab1 is invalid.
Line 38: The property name Tabs in SSTab1 is invalid.
Line 39: The property name TabsPerRow in SSTab1 is invalid.
Line 40: The property name TabHeight in SSTab1 is invalid.
Line 41: The property name TabMaxWidth in SSTab1 is invalid.
Line 51: The property name TabCaption(0) in SSTab1 is invalid.
Line 52: The property name TabPicture(0) in SSTab1 is invalid.
Line 53: The property name Tab(0).ControlEnabled in SSTab1 is invalid.
Line 54: The property name Tab(0).Control(0) in SSTab1 is invalid.
Line 55: The property name Tab(0).Control(0).Enabled in SSTab1 is invalid.
Line 56: The property name Tab(0).Control(1) in SSTab1 is invalid.
Line 57: The property name Tab(0).Control(1).Enabled in SSTab1 is invalid.
Line 58: The property name Tab(0).Control(2) in SSTab1 is invalid.
Line 59: The property name Tab(0).Control(2).Enabled in SSTab1 is invalid.
Line 60: The property name Tab(0).Control(3) in SSTab1 is invalid.
Line 61: The property name Tab(0).Control(3).Enabled in SSTab1 is invalid.
Line 62: The property name Tab(0).Control(4) in SSTab1 is invalid.
Line 63: The property name Tab(0).Control(4).Enabled in SSTab1 is invalid.
Line 64: The property name Tab(0).Control(5) in SSTab1 is invalid.
Line 65: The property name Tab(0).Control(5).Enabled in SSTab1 is invalid.
Line 66: The property name Tab(0).Control(6) in SSTab1 is invalid.
Line 67: The property name Tab(0).Control(6).Enabled in SSTab1 is invalid.
Line 68: The property name Tab(0).Control(7) in SSTab1 is invalid.
Line 69: The property name Tab(0).Control(7).Enabled in SSTab1 is invalid.
Line 70: The property name Tab(0).Control(8) in SSTab1 is invalid.
Line 71: The property name Tab(0).Control(8).Enabled in SSTab1 is invalid.
Line 72: The property name Tab(0).Control(9) in SSTab1 is invalid.
Line 73: The property name Tab(0).Control(9).Enabled in SSTab1 is invalid.
Line 74: The property name Tab(0).Control(10) in SSTab1 is invalid.
Line 75: The property name Tab(0).Control(10).Enabled in SSTab1 is invalid.
Line 76: The property name Tab(0).Control(11) in SSTab1 is invalid.
Line 77: The property name Tab(0).Control(11).Enabled in SSTab1 is invalid.
Line 78: The property name Tab(0).Control(12) in SSTab1 is invalid.
Line 79: The property name Tab(0).Control(12).Enabled in SSTab1 is invalid.
Line 80: The property name Tab(0).Control(13) in SSTab1 is invalid.
Line 81: The property name Tab(0).Control(13).Enabled in SSTab1 is invalid.
Line 82: The property name Tab(0).Control(14) in SSTab1 is invalid.
Line 83: The property name Tab(0).Control(14).Enabled in SSTab1 is invalid.
Line 84: The property name Tab(0).Control(15) in SSTab1 is invalid.
Line 85: The property name Tab(0).Control(15).Enabled in SSTab1 is invalid.
Line 86: The property name Tab(0).Control(16) in SSTab1 is invalid.
Line 87: The property name Tab(0).Control(16).Enabled in SSTab1 is invalid.
Line 88: The property name Tab(0).Control(17) in SSTab1 is invalid.
Line 89: The property name Tab(0).Control(17).Enabled in SSTab1 is invalid.
Line 90: The property name Tab(0).Control(18) in SSTab1 is invalid.
Line 91: The property name Tab(0).Control(18).Enabled in SSTab1 is invalid.
Line 92: The property name Tab(0).Control(19) in SSTab1 is invalid.
Line 93: The property name Tab(0).Control(19).Enabled in SSTab1 is invalid.
Line 94: The property name Tab(0).Control(20) in SSTab1 is invalid.
Line 95: The property name Tab(0).Control(20).Enabled in SSTab1 is invalid.
Line 96: The property name Tab(0).ControlCount in SSTab1 is invalid.
Line 97: The property name TabCaption(1) in SSTab1 is invalid.
Line 98: The property name TabPicture(1) in SSTab1 is invalid.
Line 99: The property name Tab(1).ControlEnabled in SSTab1 is invalid.
Line 100: The property name Tab(1).Control(0) in SSTab1 is invalid.
Line 101: The property name Tab(1).Control(1) in SSTab1 is invalid.
Line 102: The property name Tab(1).Control(2) in SSTab1 is invalid.
Line 103: The property name Tab(1).Control(3) in SSTab1 is invalid.
Line 104: The property name Tab(1).Control(4) in SSTab1 is invalid.
Line 105: The property name Tab(1).Control(5) in SSTab1 is invalid.
Line 106: The property name Tab(1).Control(6) in SSTab1 is invalid.
Line 107: The property name Tab(1).Control(7) in SSTab1 is invalid.
Line 108: The property name Tab(1).Control(8) in SSTab1 is invalid.
Line 109: The property name Tab(1).Control(9) in SSTab1 is invalid.
Line 110: The property name Tab(1).Control(10) in SSTab1 is invalid.
Line 111: The property name Tab(1).Control(11) in SSTab1 is invalid.
Line 112: The property name Tab(1).Control(12) in SSTab1 is invalid.
Line 113: The property name Tab(1).Control(13) in SSTab1 is invalid.
Line 114: The property name Tab(1).Control(14) in SSTab1 is invalid.
Line 115: The property name Tab(1).Control(15) in SSTab1 is invalid.
Line 116: The property name Tab(1).Control(16) in SSTab1 is invalid.
Line 117: The property name Tab(1).Control(17) in SSTab1 is invalid.
Line 118: The property name Tab(1).Control(18) in SSTab1 is invalid.
Line 119: The property name Tab(1).Control(19) in SSTab1 is invalid.
Line 120: The property name Tab(1).Control(20) in SSTab1 is invalid.
Line 121: The property name Tab(1).Control(21) in SSTab1 is invalid.
Line 122: The property name Tab(1).Control(22) in SSTab1 is invalid.
Line 123: The property name Tab(1).Control(23) in SSTab1 is invalid.
Line 124: The property name Tab(1).Control(24) in SSTab1 is invalid.
Line 125: The property name Tab(1).Control(25) in SSTab1 is invalid.
Line 126: The property name Tab(1).Control(26) in SSTab1 is invalid.
Line 127: The property name Tab(1).Control(27) in SSTab1 is invalid.
Line 128: The property name Tab(1).Control(28) in SSTab1 is invalid.
Line 129: The property name Tab(1).Control(29) in SSTab1 is invalid.
Line 130: The property name Tab(1).Control(30) in SSTab1 is invalid.
Line 131: The property name Tab(1).ControlCount in SSTab1 is invalid.
Line 132: The property name TabCaption(2) in SSTab1 is invalid.
Line 133: The property name TabPicture(2) in SSTab1 is invalid.
Line 134: The property name Tab(2).ControlEnabled in SSTab1 is invalid.
Line 135: The property name Tab(2).Control(0) in SSTab1 is invalid.
Line 136: The property name Tab(2).Control(1) in SSTab1 is invalid.
Line 137: The property name Tab(2).Control(2) in SSTab1 is invalid.
Line 138: The property name Tab(2).Control(3) in SSTab1 is invalid.
Line 139: The property name Tab(2).Control(4) in SSTab1 is invalid.
Line 140: The property name Tab(2).Control(5) in SSTab1 is invalid.
Line 141: The property name Tab(2).Control(6) in SSTab1 is invalid.
Line 142: The property name Tab(2).Control(7) in SSTab1 is invalid.
Line 143: The property name Tab(2).Control(8) in SSTab1 is invalid.
Line 144: The property name Tab(2).Control(9) in SSTab1 is invalid.
Line 145: The property name Tab(2).Control(10) in SSTab1 is invalid.
Line 146: The property name Tab(2).ControlCount in SSTab1 is invalid.
Line 147: The property name TabCaption(3) in SSTab1 is invalid.
Line 148: The property name TabPicture(3) in SSTab1 is invalid.
Line 149: The property name Tab(3).ControlEnabled in SSTab1 is invalid.
Line 150: The property name Tab(3).Control(0) in SSTab1 is invalid.
Line 151: The property name Tab(3).Control(1) in SSTab1 is invalid.
Line 152: The property name Tab(3).Control(2) in SSTab1 is invalid.
Line 153: The property name Tab(3).Control(3) in SSTab1 is invalid.
Line 154: The property name Tab(3).Control(4) in SSTab1 is invalid.
Line 155: The property name Tab(3).Control(5) in SSTab1 is invalid.
Line 156: The property name Tab(3).ControlCount in SSTab1 is invalid.
Line 855: The property name _ExtentX in ctlSysTrayBalloon is invalid.
Line 856: The property name _ExtentY in ctlSysTrayBalloon is invalid.
Line 948: The property name _ExtentX in Socket is invalid.
Line 949: The property name _ExtentY in Socket is invalid.
Line 950: The property name _Version in Socket is invalid.
Line 1402: The property name _ExtentX in SSTab2 is invalid.
Line 1403: The property name _ExtentY in SSTab2 is invalid.
Line 1404: The property name _Version in SSTab2 is invalid.
Line 1405: The property name Style in SSTab2 is invalid.
Line 1406: The property name Tabs in SSTab2 is invalid.
Line 1407: The property name TabsPerRow in SSTab2 is invalid.
Line 1408: The property name TabHeight in SSTab2 is invalid.
Line 1418: The property name TabCaption(0) in SSTab2 is invalid.
Line 1419: The property name TabPicture(0) in SSTab2 is invalid.
Line 1420: The property name Tab(0).ControlEnabled in SSTab2 is invalid.
Line 1421: The property name Tab(0).Control(0) in SSTab2 is invalid.
Line 1422: The property name Tab(0).Control(0).Enabled in SSTab2 is invalid.
Line 1423: The property name Tab(0).Control(1) in SSTab2 is invalid.
Line 1424: The property name Tab(0).Control(1).Enabled in SSTab2 is invalid.
Line 1425: The property name Tab(0).ControlCount in SSTab2 is invalid.
Line 1426: The property name TabCaption(1) in SSTab2 is invalid.
Line 1427: The property name TabPicture(1) in SSTab2 is invalid.
Line 1428: The property name Tab(1).ControlEnabled in SSTab2 is invalid.
Line 1429: The property name Tab(1).Control(0) in SSTab2 is invalid.
Line 1430: The property name Tab(1).ControlCount in SSTab2 is invalid.
Line 1431: The property name TabCaption(2) in SSTab2 is invalid.
Line 1432: The property name TabPicture(2) in SSTab2 is invalid.
Line 1433: The property name Tab(2).ControlEnabled in SSTab2 is invalid.
Line 1434: The property name Tab(2).Control(0) in SSTab2 is invalid.
Line 1435: The property name Tab(2).ControlCount in SSTab2 is invalid.
Line 1436: The property name TabCaption(3) in SSTab2 is invalid.
Line 1437: The property name TabPicture(3) in SSTab2 is invalid.
Line 1438: The property name Tab(3).ControlEnabled in SSTab2 is invalid.
Line 1439: The property name Tab(3).Control(0) in SSTab2 is invalid.
Line 1440: The property name Tab(3).ControlCount in SSTab2 is invalid.
Line 1441: The property name TabCaption(4) in SSTab2 is invalid.
Line 1442: The property name TabPicture(4) in SSTab2 is invalid.
Line 1443: The property name Tab(4).ControlEnabled in SSTab2 is invalid.
Line 1444: The property name Tab(4).Control(0) in SSTab2 is invalid.
Line 1445: The property name Tab(4).ControlCount in SSTab2 is invalid.
Line 1446: The property name TabCaption(5) in SSTab2 is invalid.
Line 1447: The property name TabPicture(5) in SSTab2 is invalid.
Line 1448: The property name Tab(5).ControlEnabled in SSTab2 is invalid.
Line 1449: The property name Tab(5).Control(0) in SSTab2 is invalid.
Line 1450: The property name Tab(5).ControlCount in SSTab2 is invalid.
Line 1451: The property name TabCaption(6) in SSTab2 is invalid.
Line 1452: The property name TabPicture(6) in SSTab2 is invalid.
Line 1453: The property name Tab(6).ControlEnabled in SSTab2 is invalid.
Line 1454: The property name Tab(6).Control(0) in SSTab2 is invalid.
Line 1455: The property name Tab(6).ControlCount in SSTab2 is invalid.
Line 2113: The property name _ExtentX in lvUsers is invalid.
Line 2114: The property name _ExtentY in lvUsers is invalid.
Line 2115: The property name View in lvUsers is invalid.
Line 2116: The property name LabelEdit in lvUsers is invalid.
Line 2117: The property name MultiSelect in lvUsers is invalid.
Line 2118: The property name LabelWrap in lvUsers is invalid.
Line 2119: The property name HideSelection in lvUsers is invalid.
Line 2120: The property name FullRowSelect in lvUsers is invalid.
Line 2121: The property name GridLines in lvUsers is invalid.
Line 2122: The property name _Version in lvUsers is invalid.
Line 2136: The property name NumItems in lvUsers is invalid.
Line 2140: The property name ColumnHeader(1) in lvUsers is invalid.
Line 2145: The property name ColumnHeader(2) in lvUsers is invalid.
Line 2150: The property name ColumnHeader(3) in lvUsers is invalid.
Line 2155: The property name ColumnHeader(4) in lvUsers is invalid.
Line 2160: The property name ColumnHeader(5) in lvUsers is invalid.
Line 2165: The property name ColumnHeader(6) in lvUsers is invalid.
Line 2171: The property name _ExtentX in WinEdit is invalid.
Line 2172: The property name _ExtentY in WinEdit is invalid.
Line 2173: The property name _Version in WinEdit is invalid.
Line 2174: The property name LocalPort in WinEdit is invalid.
Line 2179: The property name _ExtentX in NPCScript is invalid.
Line 2180: The property name _ExtentY in NPCScript is invalid.
Line 2181: The property name Timeout in NPCScript is invalid.
Line 2182: The property name AllowUI in NPCScript is invalid.
